Arguments: 
  /usr/local/bin/node /snap/node/5770/bin/yarn.js global dir --json

PATH: 
  /usr/local/sbin:/usr/local/bin:/usr/sbin:/usr/bin:/sbin:/bin:/usr/games:/usr/local/games:/snap/bin

Yarn version: 
  1.22.17

Node version: 
  17.3.0

Platform: 
  linux x64

Trace: 
  Error: EACCES: permission denied, write
      at writeSync (node:fs:884:3)
      at SyncWriteStream._write (node:internal/fs/sync_write_stream:25:3)
      at writeOrBuffer (node:internal/streams/writable:390:12)
      at _write (node:internal/streams/writable:331:10)
      at SyncWriteStream.Writable.write (node:internal/streams/writable:335:10)
      at JSONReporter._dump (/snap/node/5770/lib/cli.js:49950:12)
      at JSONReporter.log (/snap/node/5770/lib/cli.js:49978:10)
      at dir (/snap/node/5770/lib/cli.js:36299:14)
      at Object.<anonymous> (/snap/node/5770/lib/cli.js:25983:25)
      at Generator.next (<anonymous>)

npm manifest: 
  {
    "name": "genius-car-mechanics-server",
    "version": "1.0.0",
    "description": "",
    "main": "index.js",
    "scripts": {
      "test": "echo \"Error: no test specified\" && exit 1"
    },
    "keywords": [],
    "author": "",
    "license": "ISC"
  }

yarn manifest: 
  No manifest

Lockfile: 
  No lockfile
